<?xml version="1.0" encoding="UTF-8"?>
<testsuite name="com.bridgelabz.petstore.PetStoreAutomation" tests="1" skipped="0" failures="0" errors="0" timestamp="2022-06-11T03:14:06" hostname="DESKTOP-FTC32SQ" time="7.341">
  <properties/>
  <testcase name="uploadImageInPetStore" classname="com.bridgelabz.petstore.PetStoreAutomation" time="7.341"/>
  <system-out><![CDATA[{
    "code": 200,
    "type": "unknown",
    "message": "additionalMetadata: null\nFile uploaded to ./01.jpg, 808844 bytes"
}
]]></system-out>
  <system-err><![CDATA[]]></system-err>
</testsuite>
